<?xml version="1.0" encoding="UTF-8"?>
<testsuite xmlns:xsi="http://www.w3.org/2001/XMLSchema-instance" xsi:noNamespaceSchemaLocation="https://maven.apache.org/surefire/maven-surefire-plugin/xsd/surefire-test-report-3.0.xsd" version="3.0" name="CalculatorLogicTest" time="0.067" tests="19" errors="0" skipped="0" failures="0">
  <properties>
[...]
</properties>
  <testcase name="predictYFromLinearRegressionFormula_validInput_returnY" classname="CalculatorLogicTest" time="0.02"/>
  <testcase name="computeZScore_missingParameter_throwException" classname="CalculatorLogicTest" time="0.001"/>
  <testcase name="computePopulationStandardDeviation_emptyList_throwException" classname="CalculatorLogicTest" time="0.001"/>
  <testcase name="computeZScore_meanIsZero_returnZ" classname="CalculatorLogicTest" time="0.0"/>
  <testcase name="computeSampleStandardDeviation_validList_returnsDouble" classname="CalculatorLogicTest" time="0.001"/>
  <testcase name="computeZScore_validInput_returnZ" classname="CalculatorLogicTest" time="0.001"/>
  <testcase name="computeSampleStandardDeviation_listOfOneSample_throwException" classname="CalculatorLogicTest" time="0.001"/>
  <testcase name="computeSingleLineRegressionFormula_validInput_returnMB" classname="CalculatorLogicTest" time="0.001"/>
  <testcase name="computeSingleLineRegressionFormula_listOfEqualYValues_returnMB" classname="CalculatorLogicTest" time="0.001"/>
  <testcase name="computeSampleStandardDeviation_emptyList_throwException" classname="CalculatorLogicTest" time="0.0"/>
  <testcase name="computePopulationStandardDeviation_listOfZeroes_returnsZero" classname="CalculatorLogicTest" time="0.0"/>
  <testcase name="computeMean_validList_returnsDouble" classname="CalculatorLogicTest" time="0.001"/>
  <testcase name="computeSingleLineRegressionFormula_emptyList_throwException" classname="CalculatorLogicTest" time="0.001"/>
  <testcase name="computeMean_emptyList_returnsZero" classname="CalculatorLogicTest" time="0.001"/>
  <testcase name="computeSampleStandardDeviation_listOfZeroes_returnsZero" classname="CalculatorLogicTest" time="0.001"/>
  <testcase name="computePopulationStandardDeviation_validList_returnsDouble" classname="CalculatorLogicTest" time="0.001"/>
  <testcase name="computeSingleLineRegressionFormula_listOfEqualXValues_throwException" classname="CalculatorLogicTest" time="0.001"/>
  <testcase name="predictYFromLinearRegressionFormula_missingParameter_throwException" classname="CalculatorLogicTest" time="0.001"/>
  <testcase name="computeSingleLineRegressionFormula_listOfZeroPairs_throwException" classname="CalculatorLogicTest" time="0.001"/>
</testsuite>